==================== 2026-04-01T10:39:42.266612Z | 7430e74c-4cae-483e-baea-4e0a7aa8a56e ====================
10:39:42.266675 [info ]: Starting dbt LSP server
10:39:42.266704 [info ]: Connecting to LSP client on port 8000
10:39:42.269555 [info ]: Successfully connected to LSP client
10:39:42.269583 [info ]: Creating LSP service...
10:39:42.375235 [info ]: Creating LSP server...
10:39:42.375274 [info ]: Starting LSP server...
10:39:42.437283 [info ]: Started loading project
10:39:42.438007 [info ]: Finished loading project [  0.00s]
==================== 2026-04-03T12:01:49.112742Z | 8fa773a9-02e8-4524-a7c7-15a390c9e2f3 ====================
12:01:49.112958 [info ]: Starting dbt LSP server
12:01:49.113046 [info ]: Connecting to LSP client on port 8000
12:01:49.117022 [info ]: Successfully connected to LSP client
12:01:49.117044 [info ]: Creating LSP service...
12:01:49.211460 [info ]: Creating LSP server...
12:01:49.211498 [info ]: Starting LSP server...
12:01:50.659682 [info ]: Started loading project
12:01:50.660655 [info ]: Finished loading project [  0.00s]
09:37:27.470136 [info ]: Started loading project
09:37:27.470797 [info ]: Finished loading project [  0.00s]
09:37:27.865652 [info ]: Waiting for lease on 'target' directory
09:37:28.097726 [info ]: Started loading project
09:37:28.098366 [info ]: Finished loading project [  0.00s]
09:37:45.978641 [info ]: Started loading project
09:37:45.979801 [info ]: Finished loading project [  0.00s]
09:37:46.166120 [info ]: Waiting for lease on 'target' directory
09:37:46.529732 [info ]: Started loading project
09:37:46.530504 [info ]: Finished loading project [  0.00s]
09:37:46.549342 [info ]: Waiting for lease on 'target' directory
09:37:47.120466 [info ]: Started loading project
09:37:47.121520 [info ]: Finished loading project [  0.00s]
09:38:06.109129 [info ]: Started loading project
09:38:06.110137 [info ]: Finished loading project [  0.00s]
13:44:49.318420 [info ]: Started loading project
13:44:49.319236 [info ]: Finished loading project [  0.00s]
13:44:49.620824 [info ]: Waiting for lease on 'target' directory
13:44:49.860639 [info ]: Started loading project
13:44:49.861794 [info ]: Finished loading project [  0.00s]
13:45:08.315692 [info ]: Started loading project
13:45:08.316519 [info ]: Finished loading project [  0.00s]
